an',187
o',98
don't,57
man's,46
father's,36
o'clock,32
earth's,30
mother's,27
'em,27
can't,27
didn't,24
Raymond's,22
it's,21
ain't,19
he's,18
world's,17
I'm,17
West's,16
o'clock,,16
I've,16
Adrian's,15
couldn't,15
that's,15
L'Espanaye,14
'The,14
uncle's,14
It's,14
death's,14
Whateley's,13
Perdita's,13
wouldn't,13
Gilman's,12
wa'n't,11
dun't,11
I'll,11
L'Etoile,11
wasn't,11
you're,10
God's,10
won't,10
there's,10
Jupiter's,10
I'd,10
other's,9
'Oppodeldoc,',9
one's,9
Don't,9
sister's,9
nothin',8
potter's,8
daughter's,8
men's,8
'I,8
they'd,8
'tis,8
goin',8
they's,8
'the,8
moon's,7
An',7
'that,7
day's,7
night's,7
'Rowdy,7
brother's,7
girl's,7
Cap'n,7
grandfather's,6
Wilbur's,6
soul's,6
'em.,6
Sheehan's,6
Mis',6
life's,6
isn't,6
woman's,6
England's,6
'It,6
youth's,6
suthin',6
'Hum,6
Drum,',6
bein',6
they're,6
L'Etoile,,6
'em,,6
host's,6
Dow,',6
Evadne's,6
lady's,6
he'd,5
town's,5
nature's,5
doesn't,5
comet's,5
L'Omelette,5
Hallowe'en,5
Wyatt's,5
'Oil,5
East,',5
gentleman's,5
friend's,5
sun's,5
Osborn's,5
'im,5
calc'late,5
heart's,5
s'pose,5
they've,5
more'n,5
'Lollipop',5
creature's,5
spectators',5
moment's,4
somethin',4
Ryland's,4
aren't,4
dxn't,4
morrow's,4
boy's,4
Wilcox's,4
'Glory,4
morning's,4
',4
'Oppodeldoc',4
'a,4
butcher's,4
'Goosetherumfoodle',4
'twas,4
agin',4
latter's,4
hour's,4
Jermyn's,4
o'clock.,4
Johansen's,4
Bishop's,4
N'bangus,4
L'Etoile's,4
R'lyeh,,4
sky's,4
hadn't,4
Cha'ncey,4
cliff's,4
child's,4
'what,4
Zann's,4
river's,4
what's,4
devil's,4
heaven's,4
bendin',4
patient's,4
"That's,4
Kempelen's,3
children's,3
he'll,3
Haow'd,3
son's,3
vessel's,3
's,3
another's,3
That's,3
King's,3
Birch's,3
me.',3
'to,3
'Snob',3
prince's,3
Bob',3
diddler's,3
ts,',3
'Delight,3
Universe,',3
meetin',3
body's,3
Sibyl's,3
Earl's,3
Ma'm'selle,3
John's,3
Tyrant's,3
'Lollipop,',3
doin',3
traveller's,3
wind's,3
days',3
mustn't,3
R'lyeh,3
You'll,3
Legrasse's,3
There's,3
Wade's,3
Maelzel's,3
Elwood's,3
husband's,3
Wilson's,3
'A,3
dat's,3
Ibid's,3
Y'ha,3
Klenze's,3
'mon,3
wun't,3
tho',3
talkin',3
Marie's,3
shouldn't,3
missin',3
d'Auseil.,3
master's,3
Automaton's,3
Obed's,3
Ol',3
n't,3
hain't,3
Zadok's,3
Emma's,3
robber's,3
Dun't,3
Brougham's,3
ne'er,3
Alfred's,3
Whateley's,,3
tellin',3
they'll,3
Dxn't,3
Valdemar's,3
'His,3
'we,3
sailor's,3
d'ye,3
yxu're,3
unknown.',2
bull's,2
dyin',2
excep',2
o'clock;,2
swimmin',2
deceased's,2
Sheehan's.,2
Bolter's,2
Pot',2
hill's,2
colleague's,2
'Diary',2
Baron's,2
'at,2
ye'll,2
'degree,',2
"'Oppodeldoc,',2
we're,2
L'Espanaye,,2
Slater's,2
invalid's,2
summer's,2
Lavinny's,2
Wormius',2
wrong's,2
ocean's,2
seaman's,2
cobbler's,2
'Prince,2
'Most,2
'on,2
Plutarch's,2
'And,2
fellow's,2
it',2
'forty,2
minutes',2
Paul's,2
'What,2
'but,2
Martense's,2
stranger's,2
haven't,2
lookin',2
city's,2
'bread,2
They're,2
bringin',2
sayin',2
Arthur's,2
Petrovitch's,2
landlady's,2
They's,2
Doctor's.,2
companion's,2
L'Omelette,,2
livin',2
cousin's,2
d'esprit,2
Earth's,2
'There,2
suppose,',2
'We,2
Brewster's,2
Encke's,2
"'Do,2
"an',2
gittin',2
com'd,2
Col',2
nobody'd,2
Carter's,2
monarch's,2
off.',2
'Tis,2
we've,2
L'Enclos.,2
G.'s,2
weren't,2
hermit's,2
Joe's,2
Devil's,2
out.'",2
'Tea,2
Pot,',2
'go,2
"It's,2
let's,2
queen's,2
witch's,2
Keziah's,2
States',2
Dieu.',2
Kate's,2
Knight's,2
November's,2
Henson's,2
'devil's,2
professor's,2
witches',2
John's,,2
Angell's,2
wife's,2
You've,2
ancient's,2
you'd,2
Excellencies',2
"I'm,2
n'est,2
year',2
guest's,2
Appleton's,2
Wouldn't,2
Mary's,2
'sacré',2
Nature's,2
you'll,2
reg'lar,2
'holy,2
physician's,2
o'er,2
king's,2
hasn't,2
needn't,2
Talbot's,2
callin',2
D'ye,2
L'Etoile.,2
He's,2
here's,2
thing's,2
piece,',2
'of,2
animal's,2
t'other,2
sculptor's,2
Hermann's,2
movin',2
amus'd,2
bookseller's,2
'O,2
ship's,2
Ross's,2
Kingsport's,2
'sixty,2
'insert',2
adder's,2
d'Auseil,,2
o'clock",2
captain's,2
water's,2
Woodville's,2
"'The,2
Alhazred's,2
mornin',2
older'n,2
Elizabeth's,2
Pickman's,2
"I'll,2
'This,2
Mason's,2
mornin'.,2
monster's,2
sterb'ich,2
officer's,2
refin'ry,2
Thomas',2
havin',2
mountain's,2
Ellison's,2
Hammond's,2
violence.',2
Miskatonic's,2
Man's,2
'drowned,2
author's,2
kep',2
General's,2
loser's,2
Harris's,2
shou'd,2
comin',2
'for,2
pryin',2
j',2
'torn,2
'stereotomy',1
'Pure,1
Innsmouth's,1
wipin',1
beginnin',1
bar'ls,1
newcomers',1
gallopin',1
tryin',1
Kidd's,1
bog's,1
'Alexander,1
Gazette.',1
s'posed,1
Chicago's,1
suthin'.,1
Yxu've,1
fallin',1
losin',1
privateerin',1
ol',1
'Let,1
go,',1
'monster,1
despair's,1
'the.',1
Inspector's,1
squirmin',1
Fletcher's,1
Experimentalist,',1
Ossian's,1
"C'est,1
'Tempest,',1
'Inferno,',1
'Prometheus,1
Bound,',1
'Nightingale,',1
'Sensitive,1
Plant',1
D'Avisson,1
there,',1
discovered.',1
push'd,1
Marston's,1
Death's,1
years.',1
Achilles',1
printer's,1
Blunt's,1
Frederick's,1
'By,1
French?',1
"'No;,1
'dark,1
nails,',1
'series,1
fingers.',1
won't.,1
'found,1
knot.',1
people,',1
out.',1
Mercy's,1
Comte's,1
us'd,1
complain'd,1
prepar'd,1
Sawyer's,1
'detecting,1
color,',1
burgomaster's,1
C'est,1
Osborne's,1
Morryster's,1
resolv'd,1
thro',1
Hasn't,1
believe,',1
Morgan's,1
Julien's,1
year's,1
driver's,1
yesterday's,1
'Musée,',1
shilling's,1
Cameleopards',1
bear's,1
others'll,1
"didn't,1
She's,1
mountaineers',1
fear's,1
'King,1
First.',1
d'Auseil,1
'That's,1
tickle',1
slayin',1
Parmly's,1
'an,1
eye:',1
'bow,1
wow,',1
corner.',1
there'll,1
hot,',1
'bit.',1
'Is,1
Bob?',1
'Shouldn't,1
paragrab,',1
'Ah,,1
press,',1
'just,1
nobody's,1
anyhow.',1
'Wery,1
well,',1
'here,1
'Considdeble,1
dove's,1
fox's,1
Queen's,1
'northeast,1
north.',1
Tillinghast's,1
personage',1
'Why,,1
un',1
case?',1
sir,',1
"G'zette",1
'bout,1
one.',1
wxn't?,1
'tree,',1
your's,1
Moses',1
Timon's,1
meeting.',1
"'May,1
friends?',1
revolv'd,,1
Physician,',1
'heard,1
inn.',1
Wudn't,1
pryin'.,1
Gazette,',1
'fire,',1
'milk,',1
'bread,',1
'wood.',1
Morella's,1
"'Heaven,1
'Dod,1
it,',1
i's,1
izzards.',1
Gray's,1
Dow',1
place's,1
'case,',1
'setting',1
allow'd,1
butter'",1
doctor's,1
'Goosetherumfoodle.',1
grounds',1
thinkin'.,1
slackenin',1
grave's,1
hevin',1
Bernard's,1
Bessop's,1
'realize,',1
Cayley's,1
Bransby's?,1
Stephen's,,1
'fail',1
Lollipop.',1
Slaves',1
d'un,1
searchlight's,1
part,',1
'was,1
frock',1
'part,1
hem,',1
articles',1
'secret',1
betrayer's,1
'making,1
up',1
Ph'nglui,1
mglw'nafh,1
spreadin',1
Shou'd,1
Justine's,1
mower's,1
'Mazurkiad,',1
sellin',,1
rottin',1
dyin',,1
crawlin',1
bleatin',1
barkin',1
hoppin',1
araoun',1
editor's,1
L's,1
lover's,1
wrong,',1
'about,1
nail.',1
poet's,1
rhetorician's,1
midnight.',1
evidence,',1
second.',1
carpet's,1
singer's,1
dog's,1
'castle',1
tree',1
Hutchins',1
'Dial',1
family's,1
misanthrope',1
'anything,1
else.',1
sep'rit,1
wrigglin',1
fool's,1
"Achilles',1
Mentoni's,1
consider,',1
months',1
breathin',1
'Awake,,1
awake',1
e'yayayayaaaa,1
'em,",1
"Can't,1
L'histoire,1
artists's,1
reg'lar,,1
bulgin',1
screechin',1
to've,1
'sister',1
'Agatha,',1
'Felix,',1
'brother,',1
'son.',1
Society's,1
you've,1
seein',1
def'nite.,1
Thought's,1
baker's,1
observ'd,1
Bentinck's;,1
father's,,1
fugitive's,1
L'Espanaye's,1
Stephen's.,1
Smith's,1
beast's,1
tyger's,1
monstrosity's,1
heroes',1
Roulet's,1
aunt's,1
"'We,1
take?',1
"'Take',1
'why,,1
sure.'",1
dogs',1
Morella's.,1
Dupin's,1
balkin',,1
Witches',1
'where,1
connexion?',1
"Gazette's",1
Buckingham"',1
'copy,',1
l,',1
press':,1
'So,1
Donnelly's,1
magician's,1
listenin',,1
gaspin'.,1
'Tiz,1
wuss'n,1
game's,1
Pth'thya,1
l'yi,1
king's.,1
husban',1
weddin',1
her'n.,1
endeavour'd,1
Libo's,1
concern.',1
'main,1
side,',1
'shoot,1
head',1
impossible,',1
her.',1
aunt's,,1
'sacré,',1
'diable,',1
Romero's,1
atom's,1
'phone,1
ringin',,1
George's,1
willin',1
Mather's,1
p'inted,1
'As,1
thousand,',1
speaker's,1
Bransby's,,1
Signor's,1
Heaven's,1
instant's,1
satellite's,1
Archer's,1
duke's,1
'Silliman's,1
Journal,',1
seats,',1
'death's,1
heads,',1
'bishop's,1
hotels?'",1
watchin',1
Oliver's,1
We'll,1
Victory's,1
opponent's,1
star's,1
over.'",1
despair.',1
wit's,1
'prospect,',1
'em's,1
Beginnin',1
Corey's,,1
"'Frankenstein,1
victim.',1
witness',1
handkerchiefs.',1
'fellows,1
handkerchiefs',1
Captain's,1
infant's,1
'HumDrum,',1
Hangman's,1
felon's,1
preachin',1
Emperor's,1
'Sir',1
o's.',1
that?',1
Whitman's,1
You'd,1
'traces',1
innkeeper's,1
murder's,1
proprætor's,1
lawn's,1
musician's,1
artist's,1
'Goosetherumfoodle.'",1
Welcome's,1
Ain't,1
year'.,1
rushin',1
Bear's,1
h'ehye,1
n'grkdl'lh.,1
cut's,1
Byron's,1
'Mythology,',1
'although,1
realities.',1
region's,1
student's,1
place.',1
Li.',1
stickin',1
tossin',1
openin',1
shuttin',1
mind's,1
Green's,1
Wasn't,1
Dieu',1
dislikes?',1
Copp's,1
spring's,1
correspondent's,1
art's,1
creature.',1
Newb'port",1
l'etudier.,1
spider's,1
'ΥΠΝΟΣ.,1
sailors',1
"Dun't,1
Menes',1
chemist's,1
gambler's,1
'de,1
d'expliquer,1
pas.'",1
'are,1
odd?',1
'odd,',1
odd;',1
'thutty,1
v'yages.,1
Brides',1
"'How,1
Schweinkopf's,1
Ataulf's,1
Jourdain's,1
nature,',1
Mamie's,1
lute's,1
'Moskoe,1
ström',1
They've,1
'harsh,1
shrill.',1
'his,1
wishes,',1
burnt,',1
squatters',1
'the',1
'sink,1
alone,',1
Pindar's,1
overcome.',1
Kingsporter's,1
boarder's,1
'Ugolino,',1
'Goosetherumfoodle,',1
Commerciel's,1
"S'pose,1
nex',1
Werter's,1
Barry's,1
people's,1
Ligeia's,1
creatures.',1
Tailor's,1
'diable.',1
Bullethead's,1
Isn't,1
occurred?',1
before?',1
Ye'd,1
traipsin',1
gran'sir',1
S'pose,1
officer,',1
can'st,1
opened.',1
Christopher's,1
fiend's,1
"They's,1
'Child,,1
light,',1
'offspring?',1
Hooper's,1
Arkham's,1
wanderers',1
discuss'd.,1
'angels,1
grace',1
cavern's,1
Andrew's,,1
'Good,1
Safie.',1
women's,1
Ma'm'selle",1
nurse's,1
shepherd's,1
abhorred.',1
D'Indaginé,,1
Politian's,1
mankind's.,1
work's,1
'Who,1
you?',1
lightnin',1
jus',1
"'But,',1
'if,1
murderers.',1
Duchess',1
anyw'eres,1
Chi'.",1
wand'ring,1
Updike's,1
damn',1
hittin',1
'er,1
Volney's,1
Jew's,1
breedin',1
allow'd,,1
deny'd;,1
han'some,1
Etienne's,1
'broad,1
day',1
Marthy's,1
Marie's;,1
arrang'd,1
Bugs',1
'sweeps',1
Cthulhu's,1
squire's,1
declin'd,1
merchant's,1
Beauvais',1
"Cobbett's,1
"Prentice's,1
'legitimate,1
deductions;',1
beatin'est,1
runnin',1
settin',1
moonin',1
hopes.',1
"'Are,1
Germans?',1
"'No,,1
angel's,1
Leonardo's,1
house's,1
Doctor's,1
mourn'd.,1
housewife's,1
brute's,1
gentlemen's,1
Wordsworth's,1
shouldn't.,1
"N'gai,,1
n'gha'ghaa,,1
y'hah;,1
nobleman's,1
'Marie,1
Rogêt.',1
watchman's,1
Kalos',1
creakin',1
strainin',1
startin',1
murd'rous,1
Cameleopards.',1
god's,1
compar'd,1
incurr'd,1
Smith's,,1
"Lavinny's,1
Byron's.,1
Slater's.,1
library's,1
Ann's,1
'Diary,1
Davy',1
tourist's,1
Duke's,1
marry'd,1
Leeds',1
hamlet's,1
monster's.,1
'good,',1
'dearest,',1
'unhappy.',1
World',1
Journal',1
precipice's,1
alone.',1
carryin',1
she'd,1
puffin',1
treadin',,1
headin',1
inspector's,1
Thar's,1
arm's,1
Briden's,1
pickin's.,1
garter's,1
tiara's,1
coroner's,1
gen'l'man,1
interferin'.,1
'Bishop's,1
Hotel',1
"Don't,1
'Kritik,1
Vernunft,',1
'Metaphysithe,1
Noturwissenchaft.',1
butter.',1
Whateleys',1
doin's",1
'Death'.",1
'soothed,',1
it'll,1
"An',1
acre's,1
Orion's,1
"'They,1
nation's,1
'jump,1
him'.,1
'Not,1
child',1
Rollin's,1
'humming,1
stuff',1
'Jolly,1
Tar.',1
'Mother,1
Goose's,1
Melodies',1
Landor's,1
"Culley's,1
"'Il,1
parièr,'",1
"'que,1
nombre.',1
Orne's,1
Countess's,1
Italian's,1
'Sx,1
'X,1
paragrab',,1
'hitch',1
'sailor's,1
knot,',1
tradin',1
Armitage's,1
Tortoni's,1
"I've,1
'through',1
stream's,1
we'll,1
'Marie',1
'elbowing,1
way;',1
'aversion,1
body;',1
Beauvais';,1
himself.',1
Greek.',1
"'Aussi,1
Zaire',1
pretender's,1
painter's,1
misanthrope,',1
wantin',1
warrior's,1
Austin's,1
Tertullian's,1
convers'd,1
can't.,1
dolphins',1
'impossibilities',1
'not,1
interpreter.',1
librarian's,1
B.'s,1
han't,1
Stephen's,1
watch's,1
mother's,,1
daemon's,1
cast's,1
'Courier,1
Enquirer,',1
tower's,1
Ibid's,,1
preserv'd,1
folks's,1
Ne',1
'good,1
glass,',1
'glass',1
way?',1
again.',1
madman's,1
dreamer's,1
casket's,1
Amalthea's,1
'hot,,1
sugar.'",1
Bob.'",1
hair's,1
time's,1
Freyhere's,1
somethin'.,1
ghouls',1
graoun',1
Evelyn's,1
'long,1
Gerrit's,1
"Wouldn't,1
'soothing,1
system,',1
'could,1
inch.',1
seat',1
wudn't,1
richer'n,1
rippin',1
tearin',1
tree,',1
'will,1
disappears,',1
Lollipop',1
'singular',1
fault.',1
Bartholomew's,,1
Grandjean's,1
B.'s,,1
state's,1
valley's,1
public's,1
O'Connell;,1
Albert's,1
'even,1
odd',1
Foe's,1
d'oeil,,1
'Van,1
vida.',1
footmen's,1
screamin',1
Adam's,1
Dean's,1
Martenses',1
cravin',1
ailin',1
singin',1
laffin',1
wives',1
Guido's,1
reasoner's,1
Marie's.,1
'puff,1
dart,',1
"'Excellent,1
hours',1
intruder's,1
'Und,1
sie',1
l'oiseau,1
bendin'.,1
'Monody,1
Puddle.',1
grand'salle,1
Greek's,1
shippin',1
Machen's,1
bxwl',1
papa.',1
"'Boy,,1
"'Hideous,1
desp'rate,1
Webb's,1
E'YAAHHHH.,1
Elliot's,1
Frazer's,1
Murray's,1
frigate's,1
back.',1
peasant's,1
Alfieri's,1
'does,1
German.',1
tailor's,1
en',1
orphan's,1
readin',1
Davis',1
mixin',,1
i',1
'white,1
trash',1
'thrown,1
Glover's,1
Wilkie's,1
Lamartine's,1
Barlow's,1
Tuckermann's,1
Griswold's,1
Asaph's,1
ram's,1
thieves',1
Napoleon's,1
watcher's,1
Iferous',1
Ilential',1
Pest',1
'Her,1
Pest.',1
'is,1
sure',1
'judges,1
intonation',1
'as,1
English.',1
ask'd,1
try'd,1
"widow's,1
Rhoades',1
etc.,',1
midnight',1
Blanc's,1
fairy's,1
'th,',1
spiders',1
'very,1
cool.',1
lie,',1
'hold,1
tongue,',1
Grimm's,1
Can't,1
singing.',1
bodies,',1
'bodies,1
droppin',1
lower'n,1
Pigafetta's,1
beauty's,1
'Massa,1
Will',1
"Dat's,1
Unborrow'd,1
"We'd,1
ancestor's,1
'naval,1
officer',1
"'Where,1
reside?',1
"'Near,1
spot.',1
We've,1
Robert's,1
'Il,1
'huomo,1
se'n,1
morto.',1
'When,1
expression.',1
Choynski's,1
'Come,1
life.',1
weren't?,1
serpents',1
beloved's,1
week's,1
"'A,1
bishop's,1
struggle;',1
D'Iberville,,1
'shot',1
'shot,',1
shot,',1
takin',1
quittin',1
'io,1
buildin's,1
'To,1
sure,',1
that',1
victim's,1
adversary's,1
Bransby's,1
lady's,,1
saoundin',1
Chapman's,1
D'Ambois,,1
s'pose,,1
gov'munt,1
road's,1
'listen,1
even;',1
"R'lyeh".,1
mornin',,1
obtain'd,1
owd'st,1
wouldn't.,1
Dee's,1
occurred,',1
before.',1
'They,1
hard,',1
'with,1
Martin's,1
'twenty,1
yacht's,1
Paul's.,1
ventur'd,1
surpris'd,1
You're,1
Yankee's,1
sacrificin',1
flashlight's,1
guardian's,1
bearin',1
Channing's,1
'fat,1
Can.',1
Bishop's,,1
Sally's,1
'For,1
slain.',1
wearin',1
Pompey's,1
dream.',1
"Killin',1
'twan't,1
satisfyin'.,1
Wilkins',1
storm's,1
short',1
owner's,1
ye'd,1
'has,1
Russia.',1
bodies',1
Spencer's,1
shaoutin',1
Tottle's,1
Hog's,1
Azrael's,1
somethin'?,1
'stereotomy,',1
awful's,1
'Black,1
Strap.'",1
'pay,1
promptly.',1
case,',1
wider'n,1
cuttin',1
wadin',1
climbin',1
Carrier's,1
mowin',1
Bob,'",1
'All,1
Deluc's,1
Bob.',1
'Lollipop.',1
Kissam's,1
Quizzem's?,1
beldame's,1
faun's,1
temple's,1
negro's,1
sleeper's,1
Hardy's,1
"',1
S'il,1
d'Atrée,,1
cavin',1
in',1
n',1
'speedy,1
pay.',1
fishin',1
peterin',1
'nineties,1
'Lollipop.,1
'Dish,1
Clout.',1
'Boz.',1
'Snob,',1
"I'ai,1
l'histoire.",1
Ond',1
Lafitte's,1
'grown,1
them,',1
universe's,1
'between,1
Sumner's,1
mixin',1
j'int,1
Hallowe'en.,1
don't,,1
party's,1
Canonchet's,1
Philip's,1
killin',1
Atal's,1
uncle's,,1
Chevalier's,1
listener's,1
mistress',1
Grace's,1
minute's,1
O'Trump,,1
He'll,1
'wise,1
men',1
'from,1
Crébillon's,1
'man,1
complexion.',1
'in,1
follow.',1
Stephen's:,1
drivin',1
las',1
"that's,1
havn't,1
'lot,1
brass',1
gorge's,1
'eighty,1
Barzai's,1
Yxu're,1
m',1
D'Anan,,1
Clara's,1
geographer's,1
normality's,1
'Pardon,1
intrusion,',1
fire.',1
"'Enter,',1
'and,1
you.',1
need.',1
waters.',1
Lord's,1
Kirwin's,1
Charles',1
O'Bumper.,1
secon',1
cet'ry,,1
Desrochers',1
'n,1
hell's,1
there'd,1
Sheehan's,,1
trial',1
"'Great,1
God',1
'most,1
intelligible',1
'hail',1
light',1
bird's,1
Demosthenes',1
worm's,1
Shakespeare's,1
anybody'd,1
look'd,1
Elinor's,1
weeks',1
Shakspeare's,1
waif's,1
swishin',,1
lappin',1
stompin',1
splashin',1
Nex',1
wonderin',1
Rogêt's,1
second's,1
Waite's,1
fullin',1
hen's,1
bigger'n,1
'Gazette,'",1
Duc's,1
D'Antin,,1
eagle's,1
Cayley's,,1
Fenner's,1
Bixby's,1
ædile's,1
Scipio's,1
reply'd,,1
creepin',1
'bandage,',1
Musides',1
Satan's,1
determination.',1
"'It,1
useless,',1
Mozart's,1
so's,1
pa's,1
bristlin',1
soon's,1
seat,',1
nothin'.,1
O',1
Aira's,1
Crebillon's,1
'Atrée.'",1
perus'd,1
Burke's,1
off',1
years',1
l'ombra,1
ye're,1
Sullivan's,1
carvin's,1
"Thar's,1
Diemen's,1
'Confessions,1
eater',1
c'est,1
beggar's,1
'pon,1
